<?xml version="1.0" encoding="UTF-8"?>
<!-- Generated by org.testng.reporters.JUnitReportReporter -->
<testsuite skipped="0" hostname="k1k3" name="TestAccount" tests="3" failures="0" timestamp="2021-08-11T19:20:59 CST" time="45.435" errors="0">
  <testcase name="Test_Login_Successful" time="27.772" classname="TestAccount"/>
  <testcase name="Test_Login_Unsuccessful" time="8.101" classname="TestAccount"/>
  <testcase name="Test_Create_New_Account" time="9.562" classname="TestAccount"/>
</testsuite> <!-- TestAccount -->
