<?xml version="1.0" encoding="UTF-8"?>
<!-- Generated by org.testng.reporters.JUnitReportReporter -->
<testsuite skipped="0" hostname="k1k3" name="TestAccount" tests="2" failures="0" timestamp="2021-08-04T17:51:51 CST" time="15.997" errors="0">
  <testcase name="Test_Login_Successfull" time="8.735" classname="TestAccount"/>
  <testcase name="Test_Login_Unsuccessfull" time="7.262" classname="TestAccount"/>
</testsuite> <!-- TestAccount -->
