<?xml version="1.0" encoding="UTF-8"?>
<!-- Generated by org.testng.reporters.JUnitReportReporter -->
<testsuite skipped="0" hostname="k1k3" name="TestAccount" tests="2" failures="0" timestamp="2021-08-04T18:17:45 CST" time="16.757" errors="0">
  <testcase name="Test_Login_Unsuccessfull" time="6.466" classname="TestAccount"/>
  <testcase name="Test_Login_Successfull" time="10.291" classname="TestAccount"/>
</testsuite> <!-- TestAccount -->
